#
# There is insufficient memory for the Java Runtime Environment to continue.
# Native memory allocation (mmap) failed to map 268435456 bytes for G1 virtual space
# Possible reasons:
#   The system is out of physical RAM or swap space
#   The process is running with CompressedOops enabled, and the Java Heap may be blocking the growth of the native heap
# Possible solutions:
#   Reduce memory load on the system
#   Increase physical memory or swap space
#   Check if swap backing store is full
#   Decrease Java heap size (-Xmx/-Xms)
#   Decrease number of Java threads
#   Decrease Java thread stack sizes (-Xss)
#   Set larger code cache with -XX:ReservedCodeCacheSize=
#   JVM is running with Zero Based Compressed Oops mode in which the Java heap is
#     placed in the first 32GB address space. The Java Heap base address is the
#     maximum limit for the native heap growth. Please use -XX:HeapBaseMinAddress
#     to set the Java Heap base and to place the Java Heap above 32GB virtual address.
# This output file may be truncated or incomplete.
#
#  Out of Memory Error (os_windows.cpp:3536), pid=12516, tid=3332
#
# JRE version:  (19.0.2+7) (build )
# Java VM: OpenJDK 64-Bit Server VM (19.0.2+7-FR, mixed mode, sharing, tiered, compressed oops, compressed class ptrs, g1 gc, windows-amd64)
# No core dump will be written. Minidumps are not enabled by default on client versions of Windows
#

---------------  S U M M A R Y ------------

Command Line: -javaagent:C:\Users\Admin\AppData\Local\Programs\IntelliJ IDEA Ultimate\lib\idea_rt.jar=54538:C:\Users\Admin\AppData\Local\Programs\IntelliJ IDEA Ultimate\bin -Dfile.encoding=UTF-8 -Dsun.stdout.encoding=UTF-8 -Dsun.stderr.encoding=UTF-8 Client.Client

Host: Intel(R) Core(TM) i7-8550U CPU @ 1.80GHz, 8 cores, 15G,  Windows 10 , 64 bit Build 19041 (10.0.19041.2913)
Time: Mon Sep 18 19:04:55 2023 RTZ 2 (s 10 , 64 bit Build 19041 (10.0.19041.2913) elapsed time: 0.014921 seconds (0d 0h 0m 0s)

---------------  T H R E A D  ---------------

Current thread (0x0000020df9d933b0):  JavaThread "Unknown thread" [_thread_in_vm, id=3332, stack(0x0000003ae9800000,0x0000003ae9900000)]

Stack: [0x0000003ae9800000,0x0000003ae9900000]
Native frames: (J=compiled Java code, j=interpreted, Vv=VM code, C=native code)
V  [jvm.dll+0x6d034a]
V  [jvm.dll+0x880f10]
V  [jvm.dll+0x88289e]
V  [jvm.dll+0x882f43]
V  [jvm.dll+0x27b4bb]
V  [jvm.dll+0x6cd13a]
V  [jvm.dll+0x6c1d3a]
V  [jvm.dll+0x351969]
V  [jvm.dll+0x359076]
V  [jvm.dll+0x3ad28a]
V  [jvm.dll+0x3ad4cf]
V  [jvm.dll+0x3261ea]
V  [jvm.dll+0x3270a2]
V  [jvm.dll+0x84d530]
V  [jvm.dll+0x3ba241]
V  [jvm.dll+0x82f013]
V  [jvm.dll+0x43a3c3]
V  [jvm.dll+0x43bdf1]
C  [jli.dll+0x519f]
C  [ucrtbase.dll+0x21bb2]
C  [KERNEL32.DLL+0x17614]
C  [ntdll.dll+0x526a1]


---------------  P R O C E S S  ---------------

Threads class SMR info:
_java_thread_list=0x00007ffa7196ace8, length=0, elements={
}

Java Threads: ( => current thread )

Other Threads:
  0x0000020df9e04110 WorkerThread "GC Thread#0" [stack: 0x0000003ae9900000,0x0000003ae9a00000] [id=11588]
  0x0000020df9e16460 ConcurrentGCThread "G1 Main Marker" [stack: 0x0000003ae9a00000,0x0000003ae9b00000] [id=17368]
  0x0000020df9e186e0 WorkerThread "G1 Conc#0" [stack: 0x0000003ae9b00000,0x0000003ae9c00000] [id=17236]

[error occurred during error reporting (printing all threads), id 0xc0000005, EXCEPTION_ACCESS_VIOLATION (0xc0000005) at pc=0x00007ffa711075f7]

VM state: not at safepoint (not fully initialized)

VM Mutex/Monitor currently owned by a thread:  ([mutex/lock_event])
[0x0000020df9d8e8b0] Heap_lock - owner thread: 0x0000020df9d933b0

Heap address: 0x0000000701c00000, size: 4068 MB, Compressed Oops mode: Zero based, Oop shift amount: 3

CDS archive(s) mapped at: [0x0000000000000000-0x0000000000000000-0x0000000000000000), size 0, SharedBaseAddress: 0x0000000800000000, ArchiveRelocationMode: 0.
Narrow klass base: 0x0000000000000000, Narrow klass shift: 0, Narrow klass range: 0x0

GC Precious Log:
 CardTable entry size: 512
 Card Set container configuration: InlinePtr #cards 4 size 8 Array Of Cards #cards 16 size 48 Howl #buckets 8 coarsen threshold 3686 Howl Bitmap #cards 512 size 80 coarsen threshold 460 Card regions per heap region 1 cards per card region 4096

Heap:
 garbage-first heap   total 0K, used 0K [0x0000000701c00000, 0x0000000800000000)
  region size 2048K, 0 young (0K), 0 survivors (0K)

[error occurred during error reporting (printing heap information), id 0xc0000005, EXCEPTION_ACCESS_VIOLATION (0xc0000005) at pc=0x00007ffa714f8059]

GC Heap History (0 events):
No events

Dll operation events (1 events):
Event: 0.009 Loaded shared library C:\Users\Admin\.jdks\corretto-19.0.2\bin\java.dll

Deoptimization events (0 events):
No events

Classes loaded (0 events):
No events

Classes unloaded (0 events):
No events

Classes redefined (0 events):
No events

Internal exceptions (0 events):
No events

VM Operations (0 events):
No events

Events (0 events):
No events


Dynamic libraries:
0x00007ff6bb930000 - 0x00007ff6bb93d000 	C:\Users\Admin\.jdks\corretto-19.0.2\bin\java.exe
0x00007ffad84b0000 - 0x00007ffad86a8000 	C:\WINDOWS\SYSTEM32\ntdll.dll
0x00007ffad7940000 - 0x00007ffad79ff000 	C:\WINDOWS\System32\KERNEL32.DLL
0x00007ffad5c90000 - 0x00007ffad5f86000 	C:\WINDOWS\System32\KERNELBASE.dll
0x00007ffad6370000 - 0x00007ffad6470000 	C:\WINDOWS\System32\ucrtbase.dll
0x00007fface280000 - 0x00007fface295000 	C:\Users\Admin\.jdks\corretto-19.0.2\bin\VCRUNTIME140.dll
0x00007fface260000 - 0x00007fface277000 	C:\Users\Admin\.jdks\corretto-19.0.2\bin\jli.dll
0x00007ffad6de0000 - 0x00007ffad6f7d000 	C:\WINDOWS\System32\USER32.dll
0x00007ffad5b60000 - 0x00007ffad5b82000 	C:\WINDOWS\System32\win32u.dll
0x00007ffaca970000 - 0x00007ffacac0a000 	C:\WINDOWS\WinSxS\amd64_microsoft.windows.common-controls_6595b64144ccf1df_6.0.19041.1110_none_60b5254171f9507e\COMCTL32.dll
0x00007ffad7a10000 - 0x00007ffad7a3c000 	C:\WINDOWS\System32\GDI32.dll
0x00007ffad7bb0000 - 0x00007ffad7c4e000 	C:\WINDOWS\System32\msvcrt.dll
0x00007ffad5f90000 - 0x00007ffad60a5000 	C:\WINDOWS\System32\gdi32full.dll
0x00007ffad62a0000 - 0x00007ffad633d000 	C:\WINDOWS\System32\msvcp_win.dll
0x00007ffad82d0000 - 0x00007ffad8300000 	C:\WINDOWS\System32\IMM32.DLL
0x00007ffa73c50000 - 0x00007ffa73ceb000 	C:\Users\Admin\.jdks\corretto-19.0.2\bin\msvcp140.dll
0x00007ffa70dd0000 - 0x00007ffa71aa9000 	C:\Users\Admin\.jdks\corretto-19.0.2\bin\server\jvm.dll
0x00007ffad6610000 - 0x00007ffad66bf000 	C:\WINDOWS\System32\ADVAPI32.dll
0x00007ffad8230000 - 0x00007ffad82cc000 	C:\WINDOWS\System32\sechost.dll
0x00007ffad6cb0000 - 0x00007ffad6dd6000 	C:\WINDOWS\System32\RPCRT4.dll
0x00007ffacddb0000 - 0x00007ffacddba000 	C:\WINDOWS\SYSTEM32\VERSION.dll
0x00007ffaca750000 - 0x00007ffaca777000 	C:\WINDOWS\SYSTEM32\WINMM.dll
0x00007ffad0020000 - 0x00007ffad0029000 	C:\WINDOWS\SYSTEM32\WSOCK32.dll
0x00007ffad81c0000 - 0x00007ffad822b000 	C:\WINDOWS\System32\WS2_32.dll
0x00007ffad3860000 - 0x00007ffad3872000 	C:\WINDOWS\SYSTEM32\kernel.appcore.dll
0x00007fface250000 - 0x00007fface25a000 	C:\Users\Admin\.jdks\corretto-19.0.2\bin\jimage.dll
0x00007ffab96f0000 - 0x00007ffab98d4000 	C:\WINDOWS\SYSTEM32\DBGHELP.DLL
0x00007ffab2c70000 - 0x00007ffab2ca4000 	C:\WINDOWS\SYSTEM32\dbgcore.DLL
0x00007ffad60b0000 - 0x00007ffad6132000 	C:\WINDOWS\System32\bcryptPrimitives.dll
0x00007ffad1270000 - 0x00007ffad127e000 	C:\Users\Admin\.jdks\corretto-19.0.2\bin\instrument.dll
0x00007ffaa5190000 - 0x00007ffaa51b6000 	C:\Users\Admin\.jdks\corretto-19.0.2\bin\java.dll

dbghelp: loaded successfully - version: 4.0.5 - missing functions: none
symbol engine: initialized successfully - sym options: 0x614 - pdb path: .;C:\Users\Admin\.jdks\corretto-19.0.2\bin;C:\WINDOWS\SYSTEM32;C:\WINDOWS\WinSxS\amd64_microsoft.windows.common-controls_6595b64144ccf1df_6.0.19041.1110_none_60b5254171f9507e;C:\Users\Admin\.jdks\corretto-19.0.2\bin\server

VM Arguments:
jvm_args: -javaagent:C:\Users\Admin\AppData\Local\Programs\IntelliJ IDEA Ultimate\lib\idea_rt.jar=54538:C:\Users\Admin\AppData\Local\Programs\IntelliJ IDEA Ultimate\bin -Dfile.encoding=UTF-8 -Dsun.stdout.encoding=UTF-8 -Dsun.stderr.encoding=UTF-8 
java_command: Client.Client
java_class_path (initial): Z:\ITMO\Java\LB06\Client\target\classes
Launcher Type: SUN_STANDARD

[Global flags]
     intx CICompilerCount                          = 4                                         {product} {ergonomic}
     uint ConcGCThreads                            = 2                                         {product} {ergonomic}
     uint G1ConcRefinementThreads                  = 8                                         {product} {ergonomic}
   size_t G1HeapRegionSize                         = 2097152                                   {product} {ergonomic}
    uintx GCDrainStackTargetSize                   = 64                                        {product} {ergonomic}
   size_t InitialHeapSize                          = 268435456                                 {product} {ergonomic}
   size_t MarkStackSize                            = 4194304                                   {product} {ergonomic}
   size_t MaxHeapSize                              = 4265607168                                {product} {ergonomic}
   size_t MinHeapDeltaBytes                        = 2097152                                   {product} {ergonomic}
   size_t MinHeapSize                              = 8388608                                   {product} {ergonomic}
    uintx NonNMethodCodeHeapSize                   = 5839372                                {pd product} {ergonomic}
    uintx NonProfiledCodeHeapSize                  = 122909434                              {pd product} {ergonomic}
    uintx ProfiledCodeHeapSize                     = 122909434                              {pd product} {ergonomic}
    uintx ReservedCodeCacheSize                    = 251658240                              {pd product} {ergonomic}
     bool SegmentedCodeCache                       = true                                      {product} {ergonomic}
   size_t SoftMaxHeapSize                          = 4265607168                             {manageable} {ergonomic}
     bool UseCompressedClassPointers               = true                           {product lp64_product} {ergonomic}
     bool UseCompressedOops                        = true                           {product lp64_product} {ergonomic}
     bool UseG1GC                                  = true                                      {product} {ergonomic}
     bool UseLargePagesIndividualAllocation        = false                                  {pd product} {ergonomic}

Logging:
Log output configuration:
 #0: stdout all=warning uptime,level,tags foldmultilines=false
 #1: stderr all=off uptime,level,tags foldmultilines=false

Environment Variables:
PATH=C:\Program Files\Microsoft\jdk-11.0.16.101-hotspot\bin;C:\Program Files (x86)\Common Files\Oracle\Java\javapath;C:\Program Files (x86)\Common Files\Intel\Shared Libraries\redist\intel64\compiler;C:\WINDOWS\system32;C:\WINDOWS;C:\WINDOWS\System32\Wbem;C:\WINDOWS\System32\WindowsPowerShell\v1.0\;C:\WINDOWS\System32\OpenSSH\;C:\Program Files (x86)\NVIDIA Corporation\PhysX\Common;C:\Program Files (x86)\dotnet\;D:\Environments\;C:\Program Files\Git\cmd;C:\Program Files\Microsoft SQL Server\150\Tools\Binn\;C:\Program Files\Microsoft SQL Server\Client SDK\ODBC\170\Tools\Binn\;C:\Program Files\dotnet\;C:\Program Files (x86)\Windows Kits\10\Windows Performance Toolkit\;C:\Users\Admin\AppData\Local\Microsoft\WindowsApps;C:\Users\Admin\AppData\Roaming\npm;C:\Users\Admin\AppData\Local\JetBrains\Toolbox\scripts;C:\Users\Admin\.dotnet\tools
USERNAME=Admin
OS=Windows_NT
PROCESSOR_IDENTIFIER=Intel64 Family 6 Model 142 Stepping 10, GenuineIntel
TMP=C:\Users\Admin\AppData\Local\Temp
TEMP=C:\Users\Admin\AppData\Local\Temp



---------------  S Y S T E M  ---------------

OS:
 Windows 10 , 64 bit Build 19041 (10.0.19041.2913)
OS uptime: 1 days 0:08 hours

CPU: total 8 (initial active 8) (4 cores per cpu, 2 threads per core) family 6 model 142 stepping 10 microcode 0xb4, cx8, cmov, fxsr, ht, mmx, 3dnowpref, sse, sse2, sse3, ssse3, sse4.1, sse4.2, popcnt, lzcnt, tsc, tscinvbit, avx, avx2, aes, erms, clmul, bmi1, bmi2, adx, fma, vzeroupper, clflush, clflushopt, rdtscp

Memory: 4k page, system-wide physical 16268M (3152M free)
TotalPageFile size 16268M (AvailPageFile size 239M)
current process WorkingSet (physical memory assigned to process): 11M, peak: 11M
current process commit charge ("private bytes"): 60M, peak: 316M

vm_info: OpenJDK 64-Bit Server VM (19.0.2+7-FR) for windows-amd64 JRE (19.0.2+7-FR), built on Jan 13 2023 22:53:32 by "Administrator" with MS VC++ 15.9 (VS2017)

END.
